<?xml version="1.0" encoding="UTF-8"?>
<!-- Generated by org.testng.reporters.JUnitReportReporter -->
<testsuite hostname="BA-000421993" failures="0" tests="6" name="com.telus.testng.RegisterDemoEndToEndTestNG" time="30.851" errors="0" timestamp="2022-10-03T09:07:12 IST" skipped="0">
  <testcase classname="com.telus.testng.RegisterDemoEndToEndTestNG" name="launchApplication" time="22.785"/>
  <system-out/>
  <testcase classname="com.telus.testng.RegisterDemoEndToEndTestNG" name="navigateToRegisterForDemo" time="3.543"/>
  <system-out/>
  <testcase classname="com.telus.testng.RegisterDemoEndToEndTestNG" name="validateTitle" time="0.045"/>
  <system-out/>
  <testcase classname="com.telus.testng.RegisterDemoEndToEndTestNG" name="registerUser" time="4.380"/>
  <system-out/>
  <testcase classname="com.telus.testng.RegisterDemoEndToEndTestNG" name="successfulValidation" time="0.039"/>
  <system-out/>
  <testcase classname="com.telus.testng.RegisterDemoEndToEndTestNG" name="closeApplication" time="0.059"/>
  <system-out/>
</testsuite> <!-- com.telus.testng.RegisterDemoEndToEndTestNG -->
